d:\rtcg\prototype_3\obj\win32\debug\ofxlabel.obj
d:\rtcg\prototype_3\obj\win32\debug\ofxslider.obj
d:\rtcg\prototype_3\obj\win32\debug\ofxbutton.obj
d:\rtcg\prototype_3\obj\win32\debug\ofxpanel.obj
d:\rtcg\prototype_3\obj\win32\debug\ofxinputfield.obj
d:\rtcg\prototype_3\obj\win32\debug\ofxguigroup.obj
d:\rtcg\prototype_3\obj\win32\debug\main.obj
d:\rtcg\prototype_3\obj\win32\debug\ofapp.obj
d:\rtcg\prototype_3\obj\win32\debug\ofxcolorpicker.obj
d:\rtcg\prototype_3\obj\win32\debug\ofxslidergroup.obj
d:\rtcg\prototype_3\obj\win32\debug\ofxbasegui.obj
d:\rtcg\prototype_3\obj\win32\debug\ofxtoggle.obj
d:\rtcg\prototype_3\obj\win32\debug\vc141.pdb
d:\rtcg\prototype_3\bin\prototype_3_debug.exe
d:\rtcg\prototype_3\bin\prototype_3_debug.ilk
d:\rtcg\prototype_3\bin\prototype_3_debug.pdb
d:\rtcg\prototype_3\bin\prototype_3_debug.lib
d:\rtcg\prototype_3\bin\prototype_3_debug.exp
d:\rtcg\prototype_3\obj\win32\debug\icon.res
d:\rtcg\prototype_3\obj\win32\debug\prototype_3.tlog\cl.command.1.tlog
d:\rtcg\prototype_3\obj\win32\debug\prototype_3.tlog\cl.read.1.tlog
d:\rtcg\prototype_3\obj\win32\debug\prototype_3.tlog\cl.write.1.tlog
d:\rtcg\prototype_3\obj\win32\debug\prototype_3.tlog\link.command.1.tlog
d:\rtcg\prototype_3\obj\win32\debug\prototype_3.tlog\link.read.1.tlog
d:\rtcg\prototype_3\obj\win32\debug\prototype_3.tlog\link.write.1.tlog
d:\rtcg\prototype_3\obj\win32\debug\prototype_3.tlog\prototype_3.write.1u.tlog
d:\rtcg\prototype_3\obj\win32\debug\prototype_3.tlog\rc.command.1.tlog
d:\rtcg\prototype_3\obj\win32\debug\prototype_3.tlog\rc.read.1.tlog
d:\rtcg\prototype_3\obj\win32\debug\prototype_3.tlog\rc.write.1.tlog
